=== Daily Analysis Start: 2026-02-25T12:05:42Z ===
レポート生成完了です。

---

## 実行サマリ

- **データ**: 2026-02-25付CSVを使用（既存ファイルを確認）
- **compute-tables**: 13ファイル生成完了、当月eligible リード数 1,970件
- **レポート保存先**: `reports/レポート-2026-02-25.md`

---

## 主要インサイト（エグゼクティブサマリ）

全体の着地予測は目標比100〜120%でぎりぎりクリア見込みだが、**3つの構造的問題**が表面化しています：

**🔴 最重要: DIS CN率-17.6pp📉崩壊**
- 2月から投入された新規メタCV群（`democall_meta_entertainment-profile` 他2本、計136件）のCN率が26〜32%と致命的に低く、DISのCN率を4週連続で引き下げ中（W06: 58.8% → W09: 32.0%）
- 今週中に対象CVの配信停止が必要

**🔴 最重要: 中本 陽介 × TOP SAL率25.0%（期待差分-4.7件）**
- CN率57.9%と接触は取れているがSAL転換率が低い（チャネル平均41.3%比-16.3pp）
- コール録音レビューとSV実施を今週中に実施

**🟠 重要: LIS SAL率-11.2pp📉（業種特化CV崩壊）**
- `デモ電話_Lis・医療・福祉`がSAL率0%（前月比-42.9pp📉）、`デモ電話_Lis・飲食業`が前月比-29.2pp📉
- コアCV「法人全般」は健在のため、問題CVの停止で回復可能
=== Daily Analysis End: 2026-02-25T12:16:23Z ===
